0 info it worked if it ends with ok
1 verbose cli [ '/usr/bin/node', '/usr/bin/npm', 'install', 'mongod' ]
2 info using npm@2.5.1
3 info using node@v0.12.0
4 verbose node symlink /usr/bin/node
5 warn package.json mongo@0.1.0 No repository field.
6 silly cache add args [ 'mongod', null ]
7 verbose cache add spec mongod
8 silly cache add parsed spec { raw: 'mongod',
8 silly cache add   scope: null,
8 silly cache add   name: 'mongod',
8 silly cache add   rawSpec: '',
8 silly cache add   spec: '*',
8 silly cache add   type: 'range' }
9 verbose addNamed mongod@*
10 silly addNamed semver.valid null
11 silly addNamed semver.validRange *
12 silly addNameRange { name: 'mongod', range: '*', hasData: false }
13 silly mapToRegistry name mongod
14 silly mapToRegistry using default registry
15 silly mapToRegistry registry https://registry.npmjs.org/
16 silly mapToRegistry uri https://registry.npmjs.org/mongod
17 verbose addNameRange registry:https://registry.npmjs.org/mongod not in flight; fetching
18 verbose request uri https://registry.npmjs.org/mongod
19 verbose request no auth needed
20 info attempt registry request try #1 at 19:32:35
21 verbose request id a63d93a210fd3bfd
22 http request GET https://registry.npmjs.org/mongod
23 http 200 https://registry.npmjs.org/mongod
24 silly get cb [ 200,
24 silly get   { date: 'Fri, 03 Apr 2015 02:32:35 GMT',
24 silly get     server: 'CouchDB/1.5.0 (Erlang OTP/R16B03)',
24 silly get     etag: '"BZCT985QEK2UVFXRSBLRLGRQ"',
24 silly get     'content-type': 'application/json',
24 silly get     'cache-control': 'max-age=60',
24 silly get     'content-length': '5516',
24 silly get     'accept-ranges': 'bytes',
24 silly get     via: '1.1 varnish',
24 silly get     age: '0',
24 silly get     'x-served-by': 'cache-lax1428-LAX',
24 silly get     'x-cache': 'MISS',
24 silly get     'x-cache-hits': '0',
24 silly get     'x-timer': 'S1428028355.821861,VS0,VE81',
24 silly get     vary: 'Accept',
24 silly get     'keep-alive': 'timeout=10, max=50',
24 silly get     connection: 'Keep-Alive' } ]
25 verbose get saving mongod to /home/tommy/.npm/registry.npmjs.org/mongod/.cache.json
26 silly addNameRange number 2 { name: 'mongod', range: '*', hasData: true }
27 silly addNameRange versions [ 'mongod', [ '1.0.0', '1.1.0', '1.1.1', '1.2.0', '1.3.0' ] ]
28 verbose addNamed mongod@1.3.0
29 silly addNamed semver.valid 1.3.0
30 silly addNamed semver.validRange 1.3.0
31 silly mapToRegistry name mongod
32 silly mapToRegistry using default registry
33 silly mapToRegistry registry https://registry.npmjs.org/
34 silly mapToRegistry uri https://registry.npmjs.org/mongod
35 verbose addRemoteTarball https://registry.npmjs.org/mongod/-/mongod-1.3.0.tgz not in flight; adding
36 verbose addRemoteTarball [ 'https://registry.npmjs.org/mongod/-/mongod-1.3.0.tgz',
36 verbose addRemoteTarball   '52074505844ba449021c4fea9349a9876c7534b9' ]
37 info retry fetch attempt 1 at 19:32:35
38 info attempt registry request try #1 at 19:32:35
39 http fetch GET https://registry.npmjs.org/mongod/-/mongod-1.3.0.tgz
40 http fetch 200 https://registry.npmjs.org/mongod/-/mongod-1.3.0.tgz
41 silly fetchAndShaCheck shasum 52074505844ba449021c4fea9349a9876c7534b9
42 verbose addTmpTarball /tmp/npm-4034-23e9165a/registry.npmjs.org/mongod/-/mongod-1.3.0.tgz not in flight; adding
43 verbose addTmpTarball already have metadata; skipping unpack for mongod@1.3.0
44 silly cache afterAdd mongod@1.3.0
45 verbose afterAdd /home/tommy/.npm/mongod/1.3.0/package/package.json not in flight; writing
46 verbose afterAdd /home/tommy/.npm/mongod/1.3.0/package/package.json written
47 silly install resolved [ { name: 'mongod',
47 silly install resolved     version: '1.3.0',
47 silly install resolved     description: 'Promise based mongo driver built on mongojs',
47 silly install resolved     keywords: [],
47 silly install resolved     dependencies: { promise: '~5.0.0', mongojs: '~0.12.1' },
47 silly install resolved     devDependencies: { mocha: '*' },
47 silly install resolved     scripts: { test: 'mocha -R spec' },
47 silly install resolved     repository: { type: 'git', url: 'https://github.com/then/mongod.git' },
47 silly install resolved     author: { name: 'ForbesLindesay' },
47 silly install resolved     license: 'MIT',
47 silly install resolved     bugs: { url: 'https://github.com/then/mongod/issues' },
47 silly install resolved     homepage: 'https://github.com/then/mongod',
47 silly install resolved     _id: 'mongod@1.3.0',
47 silly install resolved     dist:
47 silly install resolved      { shasum: '52074505844ba449021c4fea9349a9876c7534b9',
47 silly install resolved        tarball: 'http://registry.npmjs.org/mongod/-/mongod-1.3.0.tgz' },
47 silly install resolved     _from: 'mongod@*',
47 silly install resolved     _npmVersion: '1.3.21',
47 silly install resolved     _npmUser: { name: 'forbeslindesay', email: 'forbes@lindesay.co.uk' },
47 silly install resolved     maintainers: [ [Object] ],
47 silly install resolved     directories: {},
47 silly install resolved     _shasum: '52074505844ba449021c4fea9349a9876c7534b9',
47 silly install resolved     _resolved: 'https://registry.npmjs.org/mongod/-/mongod-1.3.0.tgz' } ]
48 info install mongod@1.3.0 into /home/tommy/Desktop/latest Project 473/miniature-octo-spice
49 info installOne mongod@1.3.0
50 verbose installOne of mongod to /home/tommy/Desktop/latest Project 473/miniature-octo-spice not in flight; installing
51 warn locking Error: EACCES, open '/home/tommy/.npm/_locks/mongod-2df40445927e6e26.lock'
51 warn locking     at Error (native)
51 warn locking  /home/tommy/.npm/_locks/mongod-2df40445927e6e26.lock failed { [Error: EACCES, open '/home/tommy/.npm/_locks/mongod-2df40445927e6e26.lock']
51 warn locking   errno: -13,
51 warn locking   code: 'EACCES',
51 warn locking   path: '/home/tommy/.npm/_locks/mongod-2df40445927e6e26.lock' }
52 verbose stack Error: Attempt to unlock /home/tommy/Desktop/latest Project 473/miniature-octo-spice/node_modules/mongod, which hasn't been locked
52 verbose stack     at unlock (/usr/lib/node_modules/npm/lib/utils/locker.js:66:11)
52 verbose stack     at cb (/usr/lib/node_modules/npm/lib/install.js:929:5)
52 verbose stack     at /usr/lib/node_modules/npm/lib/install.js:933:20
52 verbose stack     at /usr/lib/node_modules/npm/lib/utils/locker.js:40:9
52 verbose stack     at cb (/usr/lib/node_modules/npm/node_modules/lockfile/lockfile.js:149:38)
52 verbose stack     at /usr/lib/node_modules/npm/node_modules/lockfile/lockfile.js:177:38
52 verbose stack     at FSReqWrap.oncomplete (fs.js:99:15)
53 verbose cwd /home/tommy/Desktop/latest Project 473/miniature-octo-spice
54 error Linux 3.16.0-31-generic
55 error argv "/usr/bin/node" "/usr/bin/npm" "install" "mongod"
56 error node v0.12.0
57 error npm  v2.5.1
58 error Attempt to unlock /home/tommy/Desktop/latest Project 473/miniature-octo-spice/node_modules/mongod, which hasn't been locked
59 error If you need help, you may report this error at:
59 error     <http://github.com/npm/npm/issues>
60 verbose exit [ 1, true ]
